<?xml version="1.0" encoding="UTF-8"?>
<!-- Generated by org.testng.reporters.JUnitReportReporter -->
<testsuite hostname="DFW22AAA081819" failures="0" tests="2" name="package1.CommonPrefix" time="0.016" errors="0" timestamp="2021-10-15T09:41:00 CDT" skipped="0">
  <testcase classname="package1.CommonPrefix" name="testCase1" time="0.016"/>
  <system-out/>
  <testcase classname="package1.CommonPrefix" name="testCase2" time="0.000"/>
  <system-out/>
</testsuite> <!-- package1.CommonPrefix -->
